{"C:\\Users\\SAKET JAIN\\OneDrive\\Desktop\\cs455\\Dino_Game_CS455\\src\\dino\\dino.js": {"path":"C:\\Users\\SAKET JAIN\\OneDrive\\Desktop\\cs455\\Dino_Game_CS455\\src\\dino\\dino.js","statementMap":{"0":{"start":{"line":5,"column":12},"end":{"line":5,"column":14}},"1":{"start":{"line":6,"column":16},"end":{"line":6,"column":26}},"2":{"start":{"line":7,"column":16},"end":{"line":7,"column":18}},"3":{"start":{"line":8,"column":14},"end":{"line":8,"column":19}},"4":{"start":{"line":9,"column":18},"end":{"line":9,"column":23}},"5":{"start":{"line":10,"column":16},"end":{"line":10,"column":17}},"6":{"start":{"line":11,"column":22},"end":{"line":11,"column":24}},"7":{"start":{"line":12,"column":14},"end":{"line":12,"column":15}},"8":{"start":{"line":15,"column":8},"end":{"line":15,"column":23}},"9":{"start":{"line":16,"column":8},"end":{"line":16,"column":33}},"10":{"start":{"line":17,"column":8},"end":{"line":17,"column":40}},"11":{"start":{"line":18,"column":8},"end":{"line":18,"column":42}},"12":{"start":{"line":19,"column":8},"end":{"line":19,"column":33}},"13":{"start":{"line":20,"column":8},"end":{"line":20,"column":76}},"14":{"start":{"line":21,"column":8},"end":{"line":21,"column":32}},"15":{"start":{"line":22,"column":8},"end":{"line":22,"column":37}},"16":{"start":{"line":23,"column":8},"end":{"line":23,"column":26}},"17":{"start":{"line":24,"column":8},"end":{"line":24,"column":28}},"18":{"start":{"line":26,"column":22},"end":{"line":26,"column":33}},"19":{"start":{"line":27,"column":8},"end":{"line":27,"column":46}},"20":{"start":{"line":29,"column":22},"end":{"line":29,"column":33}},"21":{"start":{"line":30,"column":8},"end":{"line":30,"column":46}},"22":{"start":{"line":32,"column":22},"end":{"line":32,"column":33}},"23":{"start":{"line":33,"column":8},"end":{"line":33,"column":46}},"24":{"start":{"line":35,"column":8},"end":{"line":35,"column":37}},"25":{"start":{"line":36,"column":8},"end":{"line":36,"column":37}},"26":{"start":{"line":37,"column":8},"end":{"line":37,"column":37}},"27":{"start":{"line":39,"column":8},"end":{"line":39,"column":60}},"28":{"start":{"line":41,"column":8},"end":{"line":41,"column":57}},"29":{"start":{"line":44,"column":14},"end":{"line":49,"column":5}},"30":{"start":{"line":45,"column":8},"end":{"line":48,"column":9}},"31":{"start":{"line":46,"column":12},"end":{"line":46,"column":43}},"32":{"start":{"line":47,"column":12},"end":{"line":47,"column":36}},"33":{"start":{"line":52,"column":8},"end":{"line":52,"column":34}},"34":{"start":{"line":53,"column":8},"end":{"line":53,"column":35}},"35":{"start":{"line":54,"column":8},"end":{"line":54,"column":33}},"36":{"start":{"line":58,"column":8},"end":{"line":58,"column":99}}},"fnMap":{"0":{"name":"(anonymous_0)","decl":{"start":{"line":14,"column":4},"end":{"line":14,"column":5}},"loc":{"start":{"line":14,"column":47},"end":{"line":42,"column":5}},"line":14},"1":{"name":"(anonymous_1)","decl":{"start":{"line":44,"column":14},"end":{"line":44,"column":15}},"loc":{"start":{"line":44,"column":25},"end":{"line":49,"column":5}},"line":44},"2":{"name":"(anonymous_2)","decl":{"start":{"line":51,"column":4},"end":{"line":51,"column":5}},"loc":{"start":{"line":51,"column":26},"end":{"line":55,"column":5}},"line":51},"3":{"name":"(anonymous_3)","decl":{"start":{"line":57,"column":4},"end":{"line":57,"column":5}},"loc":{"start":{"line":57,"column":10},"end":{"line":59,"column":5}},"line":57}},"branchMap":{"0":{"loc":{"start":{"line":45,"column":8},"end":{"line":48,"column":9}},"type":"if","locations":[{"start":{"line":45,"column":8},"end":{"line":48,"column":9}},{"start":{},"end":{}}],"line":45}},"s":{"0":4,"1":4,"2":4,"3":4,"4":4,"5":4,"6":4,"7":4,"8":4,"9":4,"10":4,"11":4,"12":4,"13":4,"14":4,"15":4,"16":4,"17":4,"18":4,"19":4,"20":4,"21":4,"22":4,"23":4,"24":4,"25":4,"26":4,"27":4,"28":4,"29":4,"30":1,"31":1,"32":1,"33":1,"34":1,"35":1,"36":1},"f":{"0":4,"1":1,"2":1,"3":1},"b":{"0":[1,0]},"_coverageSchema":"1a1c01bbd47fc00a2c39e90264f33305004495a9","hash":"50a90c6155a7fe3fd1faab1c6a5b84b2e6428154"}
,"C:\\Users\\SAKET JAIN\\OneDrive\\Desktop\\cs455\\Dino_Game_CS455\\src\\ground\\ground.js": {"path":"C:\\Users\\SAKET JAIN\\OneDrive\\Desktop\\cs455\\Dino_Game_CS455\\src\\ground\\ground.js","statementMap":{"0":{"start":{"line":3,"column":6},"end":{"line":3,"column":21}},"1":{"start":{"line":4,"column":6},"end":{"line":4,"column":31}},"2":{"start":{"line":5,"column":6},"end":{"line":5,"column":25}},"3":{"start":{"line":6,"column":6},"end":{"line":6,"column":27}},"4":{"start":{"line":7,"column":6},"end":{"line":7,"column":35}},"5":{"start":{"line":9,"column":6},"end":{"line":9,"column":17}},"6":{"start":{"line":10,"column":6},"end":{"line":10,"column":48}},"7":{"start":{"line":12,"column":6},"end":{"line":12,"column":31}},"8":{"start":{"line":17,"column":6},"end":{"line":17,"column":60}},"9":{"start":{"line":21,"column":6},"end":{"line":27,"column":8}},"10":{"start":{"line":29,"column":6},"end":{"line":35,"column":8}},"11":{"start":{"line":37,"column":6},"end":{"line":39,"column":7}},"12":{"start":{"line":38,"column":8},"end":{"line":38,"column":19}},"13":{"start":{"line":42,"column":6},"end":{"line":42,"column":17}}},"fnMap":{"0":{"name":"(anonymous_0)","decl":{"start":{"line":2,"column":4},"end":{"line":2,"column":5}},"loc":{"start":{"line":2,"column":55},"end":{"line":14,"column":5}},"line":2},"1":{"name":"(anonymous_1)","decl":{"start":{"line":16,"column":4},"end":{"line":16,"column":5}},"loc":{"start":{"line":16,"column":37},"end":{"line":18,"column":5}},"line":16},"2":{"name":"(anonymous_2)","decl":{"start":{"line":20,"column":4},"end":{"line":20,"column":5}},"loc":{"start":{"line":20,"column":11},"end":{"line":40,"column":5}},"line":20},"3":{"name":"(anonymous_3)","decl":{"start":{"line":41,"column":4},"end":{"line":41,"column":5}},"loc":{"start":{"line":41,"column":12},"end":{"line":43,"column":5}},"line":41}},"branchMap":{"0":{"loc":{"start":{"line":37,"column":6},"end":{"line":39,"column":7}},"type":"if","locations":[{"start":{"line":37,"column":6},"end":{"line":39,"column":7}},{"start":{},"end":{}}],"line":37}},"s":{"0":2,"1":2,"2":2,"3":2,"4":2,"5":2,"6":2,"7":2,"8":1,"9":0,"10":0,"11":0,"12":0,"13":0},"f":{"0":2,"1":1,"2":0,"3":0},"b":{"0":[0,0]},"_coverageSchema":"1a1c01bbd47fc00a2c39e90264f33305004495a9","hash":"08b5802d769d4a104303d92cf49d833885da043f"}
,"C:\\Users\\SAKET JAIN\\OneDrive\\Desktop\\cs455\\Dino_Game_CS455\\src\\score\\Score.js": {"path":"C:\\Users\\SAKET JAIN\\OneDrive\\Desktop\\cs455\\Dino_Game_CS455\\src\\score\\Score.js","statementMap":{"0":{"start":{"line":2,"column":12},"end":{"line":2,"column":13}},"1":{"start":{"line":3,"column":21},"end":{"line":3,"column":32}},"2":{"start":{"line":6,"column":6},"end":{"line":6,"column":21}},"3":{"start":{"line":7,"column":6},"end":{"line":7,"column":31}},"4":{"start":{"line":8,"column":6},"end":{"line":8,"column":35}},"5":{"start":{"line":12,"column":6},"end":{"line":12,"column":42}},"6":{"start":{"line":16,"column":6},"end":{"line":16,"column":21}},"7":{"start":{"line":20,"column":24},"end":{"line":20,"column":73}},"8":{"start":{"line":21,"column":6},"end":{"line":23,"column":7}},"9":{"start":{"line":22,"column":8},"end":{"line":22,"column":74}},"10":{"start":{"line":27,"column":24},"end":{"line":27,"column":73}},"11":{"start":{"line":28,"column":16},"end":{"line":28,"column":36}},"12":{"start":{"line":30,"column":23},"end":{"line":30,"column":43}},"13":{"start":{"line":31,"column":6},"end":{"line":31,"column":44}},"14":{"start":{"line":32,"column":6},"end":{"line":32,"column":35}},"15":{"start":{"line":33,"column":21},"end":{"line":33,"column":61}},"16":{"start":{"line":34,"column":25},"end":{"line":34,"column":55}},"17":{"start":{"line":36,"column":26},"end":{"line":36,"column":74}},"18":{"start":{"line":37,"column":30},"end":{"line":37,"column":65}},"19":{"start":{"line":39,"column":6},"end":{"line":39,"column":48}},"20":{"start":{"line":40,"column":6},"end":{"line":40,"column":64}}},"fnMap":{"0":{"name":"(anonymous_0)","decl":{"start":{"line":5,"column":4},"end":{"line":5,"column":5}},"loc":{"start":{"line":5,"column":33},"end":{"line":9,"column":5}},"line":5},"1":{"name":"(anonymous_1)","decl":{"start":{"line":11,"column":4},"end":{"line":11,"column":5}},"loc":{"start":{"line":11,"column":27},"end":{"line":13,"column":5}},"line":11},"2":{"name":"(anonymous_2)","decl":{"start":{"line":15,"column":4},"end":{"line":15,"column":5}},"loc":{"start":{"line":15,"column":12},"end":{"line":17,"column":5}},"line":15},"3":{"name":"(anonymous_3)","decl":{"start":{"line":19,"column":4},"end":{"line":19,"column":5}},"loc":{"start":{"line":19,"column":19},"end":{"line":24,"column":5}},"line":19},"4":{"name":"(anonymous_4)","decl":{"start":{"line":26,"column":4},"end":{"line":26,"column":5}},"loc":{"start":{"line":26,"column":11},"end":{"line":41,"column":5}},"line":26}},"branchMap":{"0":{"loc":{"start":{"line":21,"column":6},"end":{"line":23,"column":7}},"type":"if","locations":[{"start":{"line":21,"column":6},"end":{"line":23,"column":7}},{"start":{},"end":{}}],"line":21}},"s":{"0":8,"1":8,"2":8,"3":8,"4":8,"5":5,"6":1,"7":2,"8":2,"9":1,"10":1,"11":1,"12":1,"13":1,"14":1,"15":1,"16":1,"17":1,"18":1,"19":1,"20":1},"f":{"0":8,"1":5,"2":1,"3":2,"4":1},"b":{"0":[1,1]},"_coverageSchema":"1a1c01bbd47fc00a2c39e90264f33305004495a9","hash":"aed25d13900af9cdfbac971e0b920e04a845bb3a"}
}
