TN:
SF:src\dino\dino.js
FN:14,(anonymous_0)
FN:44,(anonymous_1)
FN:51,(anonymous_2)
FN:57,(anonymous_3)
FNF:4
FNH:4
FNDA:4,(anonymous_0)
FNDA:1,(anonymous_1)
FNDA:1,(anonymous_2)
FNDA:1,(anonymous_3)
DA:5,4
DA:6,4
DA:7,4
DA:8,4
DA:9,4
DA:10,4
DA:11,4
DA:12,4
DA:15,4
DA:16,4
DA:17,4
DA:18,4
DA:19,4
DA:20,4
DA:21,4
DA:22,4
DA:23,4
DA:24,4
DA:26,4
DA:27,4
DA:29,4
DA:30,4
DA:32,4
DA:33,4
DA:35,4
DA:36,4
DA:37,4
DA:39,4
DA:41,4
DA:44,4
DA:45,1
DA:46,1
DA:47,1
DA:52,1
DA:53,1
DA:54,1
DA:58,1
LF:37
LH:37
BRDA:45,0,0,1
BRDA:45,0,1,0
BRF:2
BRH:1
end_of_record
TN:
SF:src\ground\ground.js
FN:2,(anonymous_0)
FN:16,(anonymous_1)
FN:20,(anonymous_2)
FN:41,(anonymous_3)
FNF:4
FNH:2
FNDA:2,(anonymous_0)
FNDA:1,(anonymous_1)
FNDA:0,(anonymous_2)
FNDA:0,(anonymous_3)
DA:3,2
DA:4,2
DA:5,2
DA:6,2
DA:7,2
DA:9,2
DA:10,2
DA:12,2
DA:17,1
DA:21,0
DA:29,0
DA:37,0
DA:38,0
DA:42,0
LF:14
LH:9
BRDA:37,0,0,0
BRDA:37,0,1,0
BRF:2
BRH:0
end_of_record
TN:
SF:src\score\Score.js
FN:5,(anonymous_0)
FN:11,(anonymous_1)
FN:15,(anonymous_2)
FN:19,(anonymous_3)
FN:26,(anonymous_4)
FNF:5
FNH:5
FNDA:8,(anonymous_0)
FNDA:5,(anonymous_1)
FNDA:1,(anonymous_2)
FNDA:2,(anonymous_3)
FNDA:1,(anonymous_4)
DA:2,8
DA:3,8
DA:6,8
DA:7,8
DA:8,8
DA:12,5
DA:16,1
DA:20,2
DA:21,2
DA:22,1
DA:27,1
DA:28,1
DA:30,1
DA:31,1
DA:32,1
DA:33,1
DA:34,1
DA:36,1
DA:37,1
DA:39,1
DA:40,1
LF:21
LH:21
BRDA:21,0,0,1
BRDA:21,0,1,1
BRF:2
BRH:2
end_of_record
